<?xml version="1.0" encoding="UTF-8"?>
<testsuite xmlns:xsi="http://www.w3.org/2001/XMLSchema-instance" xsi:noNamespaceSchemaLocation="https://maven.apache.org/surefire/maven-surefire-plugin/xsd/surefire-test-report-3.0.xsd" version="3.0" name="TestSuite" time="30.815" tests="5" errors="0" skipped="0" failures="0">
  <properties>
[...]
</properties>
  <testcase name="testApiSchemaValidation" classname="com.example.karate.TestRunner" time="9.457">
    <system-out><![CDATA[---------------------------------------------------------
feature: classpath:api/api-schema-validation.feature
scenarios: 14 | passed: 14 | failed:  0 | time: 2.9884
---------------------------------------------------------

Karate version: 1.4.1
======================================================
elapsed:   8.79 | threads:    1 | thread time: 2.99 
features:     1 | skipped:    0 | efficiency: 0.34
scenarios:   14 | passed:    14 | failed: 0
======================================================

HTML report: (paste into browser to view) | Karate version: 1.4.1
file:///Users/kulshreepatil/Downloads/karate_project/target/karate-reports/karate-summary.html
===================================================================

]]></system-out>
    <system-err><![CDATA[SLF4J: Failed to load class "org.slf4j.impl.StaticLoggerBinder".
SLF4J: Defaulting to no-operation (NOP) logger implementation
SLF4J: See http://www.slf4j.org/codes.html#StaticLoggerBinder for further details.
]]></system-err>
  </testcase>
  <testcase name="testApiScenarios" classname="com.example.karate.TestRunner" time="13.027">
    <system-out><![CDATA[---------------------------------------------------------
feature: classpath:api/api-scenarios.feature
scenarios: 41 | passed: 41 | failed:  0 | time: 7.6944
---------------------------------------------------------

Karate version: 1.4.1
======================================================
elapsed:  12.67 | threads:    1 | thread time: 7.69 
features:     1 | skipped:    0 | efficiency: 0.61
scenarios:   41 | passed:    41 | failed: 0
======================================================

HTML report: (paste into browser to view) | Karate version: 1.4.1
file:///Users/kulshreepatil/Downloads/karate_project/target/karate-reports/karate-summary.html
===================================================================

]]></system-out>
  </testcase>
  <testcase name="testDatabaseValidation" classname="com.example.karate.TestRunner" time="1.241">
    <system-out><![CDATA[---------------------------------------------------------
feature: classpath:database/database-validation.feature
scenarios: 12 | passed: 12 | failed:  0 | time: 0.3031
---------------------------------------------------------

Karate version: 1.4.1
======================================================
elapsed:   1.08 | threads:    1 | thread time: 0.30 
features:     1 | skipped:    0 | efficiency: 0.28
scenarios:   12 | passed:    12 | failed: 0
======================================================
---------------------------------------------------------
feature: classpath:database/database-schema-validation.feature
scenarios: 16 | passed: 16 | failed:  0 | time: 0.3066
---------------------------------------------------------

Karate version: 1.4.1
======================================================
elapsed:   1.16 | threads:    1 | thread time: 0.31 
features:     1 | skipped:    0 | efficiency: 0.27
scenarios:   16 | passed:    16 | failed: 0
======================================================

HTML report: (paste into browser to view) | Karate version: 1.4.1
file:///Users/kulshreepatil/Downloads/karate_project/target/karate-reports/karate-summary.html
===================================================================

]]></system-out>
  </testcase>
  <testcase name="testDatabaseSchemaValidation" classname="com.example.karate.TestRunner" time="1.256">
    <system-out><![CDATA[
HTML report: (paste into browser to view) | Karate version: 1.4.1
file:///Users/kulshreepatil/Downloads/karate_project/target/karate-reports/karate-summary.html
===================================================================

]]></system-out>
  </testcase>
  <testcase name="testAll" classname="com.example.karate.TestRunner" time="5.5">
    <system-out><![CDATA[---------------------------------------------------------
feature: classpath:api/api-scenarios.feature
scenarios: 41 | passed: 41 | failed:  0 | time: 9.4981
---------------------------------------------------------

---------------------------------------------------------
feature: classpath:api/api-schema-validation.feature
scenarios: 14 | passed: 14 | failed:  0 | time: 2.6913
---------------------------------------------------------

---------------------------------------------------------
feature: classpath:database/database-schema-validation.feature
scenarios: 16 | passed: 16 | failed:  0 | time: 0.2337
---------------------------------------------------------

---------------------------------------------------------
feature: classpath:database/database-validation.feature
scenarios: 12 | passed: 12 | failed:  0 | time: 0.1006
---------------------------------------------------------

Karate version: 1.4.1
======================================================
elapsed:   5.22 | threads:    5 | thread time: 12.52 
features:     4 | skipped:    0 | efficiency: 0.48
scenarios:   83 | passed:    83 | failed: 0
======================================================

HTML report: (paste into browser to view) | Karate version: 1.4.1
file:///Users/kulshreepatil/Downloads/karate_project/target/karate-reports/karate-summary.html
===================================================================

]]></system-out>
  </testcase>
</testsuite>