<?xml version="1.0" encoding="UTF-8"?>
<!-- Generated by org.testng.reporters.JUnitXMLReporter -->
<testsuite ignored="5" hostname="MACBOOKPRO-34B0.station" failures="0" tests="2" name="API Tests" time="13.072" errors="0" timestamp="2025-11-16T18:44:54 GMT">
  <testcase classname="com.example.karate.TestRunner" name="testApiSchemaValidation" time="9.449"/>
  <testcase classname="com.example.karate.TestRunner" name="testApiScenarios" time="13.028"/>
  <testcase classname="com.example.karate.TestRunner" name="testDatabaseSchemaValidation" time="0.0">
    <ignored/>
  </testcase> <!-- testDatabaseSchemaValidation -->
  <testcase classname="com.example.karate.TestRunner" name="testScenarioByMultipleTags" time="0.0">
    <ignored/>
  </testcase> <!-- testScenarioByMultipleTags -->
  <testcase classname="com.example.karate.TestRunner" name="testAll" time="0.0">
    <ignored/>
  </testcase> <!-- testAll -->
  <testcase classname="com.example.karate.TestRunner" name="testSingleScenario" time="0.0">
    <ignored/>
  </testcase> <!-- testSingleScenario -->
  <testcase classname="com.example.karate.TestRunner" name="testDatabaseValidation" time="0.0">
    <ignored/>
  </testcase> <!-- testDatabaseValidation -->
</testsuite> <!-- API Tests -->
