<?xml version="1.0" encoding="UTF-8"?>
<!-- Generated by org.testng.reporters.JUnitXMLReporter -->
<testsuite ignored="5" hostname="MACBOOKPRO-34B0.station" failures="0" tests="2" name="Database Tests" time="1.21" errors="0" timestamp="2025-11-16T18:56:47 GMT">
  <testcase classname="com.example.karate.TestRunner" name="testDatabaseValidation" time="1.189"/>
  <testcase classname="com.example.karate.TestRunner" name="testDatabaseSchemaValidation" time="1.2"/>
  <testcase classname="com.example.karate.TestRunner" name="testApiScenarios" time="0.0">
    <ignored/>
  </testcase> <!-- testApiScenarios -->
  <testcase classname="com.example.karate.TestRunner" name="testScenarioByMultipleTags" time="0.0">
    <ignored/>
  </testcase> <!-- testScenarioByMultipleTags -->
  <testcase classname="com.example.karate.TestRunner" name="testApiSchemaValidation" time="0.0">
    <ignored/>
  </testcase> <!-- testApiSchemaValidation -->
  <testcase classname="com.example.karate.TestRunner" name="testSingleScenario" time="0.0">
    <ignored/>
  </testcase> <!-- testSingleScenario -->
  <testcase classname="com.example.karate.TestRunner" name="testAll" time="0.0">
    <ignored/>
  </testcase> <!-- testAll -->
</testsuite> <!-- Database Tests -->
