<?xml version="1.0" encoding="UTF-8"?>
<!-- Generated by org.testng.reporters.JUnitXMLReporter -->
<testsuite ignored="7" hostname="MACBOOKPRO-34B0.station" failures="0" tests="1" name="Surefire test" time="15.001" errors="0" timestamp="2025-11-17T13:50:56 GMT">
  <testcase classname="com.example.karate.TestRunner" name="testMastercardLocationsMatches" time="14.939"/>
  <testcase classname="com.example.karate.TestRunner" name="testDatabaseSchemaValidation" time="0.0">
    <ignored/>
  </testcase> <!-- testDatabaseSchemaValidation -->
  <testcase classname="com.example.karate.TestRunner" name="testSingleScenario" time="0.0">
    <ignored/>
  </testcase> <!-- testSingleScenario -->
  <testcase classname="com.example.karate.TestRunner" name="testApiScenarios" time="0.0">
    <ignored/>
  </testcase> <!-- testApiScenarios -->
  <testcase classname="com.example.karate.TestRunner" name="testScenarioByMultipleTags" time="0.0">
    <ignored/>
  </testcase> <!-- testScenarioByMultipleTags -->
  <testcase classname="com.example.karate.TestRunner" name="testDatabaseValidation" time="0.0">
    <ignored/>
  </testcase> <!-- testDatabaseValidation -->
  <testcase classname="com.example.karate.TestRunner" name="testAll" time="0.0">
    <ignored/>
  </testcase> <!-- testAll -->
  <testcase classname="com.example.karate.TestRunner" name="testApiSchemaValidation" time="0.0">
    <ignored/>
  </testcase> <!-- testApiSchemaValidation -->
</testsuite> <!-- Surefire test -->
