<?xml version="1.0" encoding="UTF-8"?>
<!-- Generated by org.testng.reporters.JUnitReportReporter -->
<testsuite hostname="MACBOOKPRO-34B0.station" failures="0" tests="5" name="com.example.karate.TestRunner" time="30.468" errors="0" timestamp="2025-11-16T18:45:06 GMT" skipped="0">
  <testcase classname="com.example.karate.TestRunner" name="testApiSchemaValidation" time="9.449"/>
  <testcase classname="com.example.karate.TestRunner" name="testApiScenarios" time="13.028"/>
  <testcase classname="com.example.karate.TestRunner" name="testDatabaseSchemaValidation" time="1.258"/>
  <testcase classname="com.example.karate.TestRunner" name="testAll" time="5.497"/>
  <testcase classname="com.example.karate.TestRunner" name="testDatabaseValidation" time="1.236"/>
</testsuite> <!-- com.example.karate.TestRunner -->
